<?xml version="1.0" encoding="UTF-8"?>
<coverage generated="1694276336063" clover="3.2.0">
  <project timestamp="1694276336063" name="All files">
    <metrics statements="34" coveredstatements="34" conditionals="4" coveredconditionals="4" methods="11" coveredmethods="11" elements="49" coveredelements="49" complexity="0" loc="34" ncloc="34" packages="1" files="3" classes="3"/>
    <file name="FigureCalculator.js" path="D:\repository\math-api\src\FigureCalculator.js">
      <metrics statements="15" coveredstatements="15" conditionals="0" coveredconditionals="0" methods="5" coveredmethods="5"/>
      <line num="1" count="1" type="stmt"/>
      <line num="5" count="13" type="stmt"/>
      <line num="8" count="13" type="stmt"/>
      <line num="9" count="7" type="stmt"/>
      <line num="12" count="1" type="stmt"/>
      <line num="15" count="13" type="stmt"/>
      <line num="16" count="7" type="stmt"/>
      <line num="19" count="1" type="stmt"/>
      <line num="22" count="13" type="stmt"/>
      <line num="23" count="8" type="stmt"/>
      <line num="26" count="1" type="stmt"/>
      <line num="29" count="13" type="stmt"/>
      <line num="30" count="8" type="stmt"/>
      <line num="33" count="1" type="stmt"/>
      <line num="37" count="1" type="stmt"/>
    </file>
    <file name="MathBasic.js" path="D:\repository\math-api\src\MathBasic.js">
      <metrics statements="11" coveredstatements="11" conditionals="0" coveredconditionals="0" methods="4" coveredmethods="4"/>
      <line num="1" count="2" type="stmt"/>
      <line num="3" count="2" type="stmt"/>
      <line num="5" count="13" type="stmt"/>
      <line num="7" count="6" type="stmt"/>
      <line num="10" count="10" type="stmt"/>
      <line num="12" count="3" type="stmt"/>
      <line num="15" count="13" type="stmt"/>
      <line num="17" count="6" type="stmt"/>
      <line num="20" count="11" type="stmt"/>
      <line num="22" count="4" type="stmt"/>
      <line num="26" count="2" type="stmt"/>
    </file>
    <file name="validator.js" path="D:\repository\math-api\src\validator.js">
      <metrics statements="8" coveredstatements="8" conditionals="4" coveredconditionals="4" methods="2" coveredmethods="2"/>
      <line num="1" count="2" type="stmt"/>
      <line num="3" count="77" type="cond" truecount="2" falsecount="0"/>
      <line num="4" count="30" type="stmt"/>
      <line num="7" count="47" type="stmt"/>
      <line num="8" count="71" type="cond" truecount="2" falsecount="0"/>
      <line num="9" count="24" type="stmt"/>
      <line num="13" count="23" type="stmt"/>
      <line num="17" count="2" type="stmt"/>
    </file>
  </project>
</coverage>
