{"D:\\repository\\math-api\\src\\FigureCalculator.js": {"path":"D:\\repository\\math-api\\src\\FigureCalculator.js","statementMap":{"0":{"start":{"line":1,"column":18},"end":{"line":1,"column":40}},"1":{"start":{"line":5,"column":8},"end":{"line":5,"column":36}},"2":{"start":{"line":8,"column":34},"end":{"line":13,"column":5}},"3":{"start":{"line":9,"column":32},"end":{"line":9,"column":55}},"4":{"start":{"line":12,"column":8},"end":{"line":12,"column":79}},"5":{"start":{"line":15,"column":29},"end":{"line":20,"column":5}},"6":{"start":{"line":16,"column":32},"end":{"line":16,"column":55}},"7":{"start":{"line":19,"column":8},"end":{"line":19,"column":55}},"8":{"start":{"line":22,"column":33},"end":{"line":27,"column":5}},"9":{"start":{"line":23,"column":37},"end":{"line":23,"column":60}},"10":{"start":{"line":26,"column":8},"end":{"line":26,"column":76}},"11":{"start":{"line":29,"column":28},"end":{"line":34,"column":5}},"12":{"start":{"line":30,"column":31},"end":{"line":30,"column":54}},"13":{"start":{"line":33,"column":8},"end":{"line":33,"column":81}},"14":{"start":{"line":37,"column":0},"end":{"line":37,"column":34}}},"fnMap":{"0":{"name":"(anonymous_0)","decl":{"start":{"line":4,"column":4},"end":{"line":4,"column":5}},"loc":{"start":{"line":4,"column":27},"end":{"line":6,"column":5}},"line":4},"1":{"name":"(anonymous_1)","decl":{"start":{"line":8,"column":34},"end":{"line":8,"column":35}},"loc":{"start":{"line":8,"column":47},"end":{"line":13,"column":5}},"line":8},"2":{"name":"(anonymous_2)","decl":{"start":{"line":15,"column":29},"end":{"line":15,"column":30}},"loc":{"start":{"line":15,"column":42},"end":{"line":20,"column":5}},"line":15},"3":{"name":"(anonymous_3)","decl":{"start":{"line":22,"column":33},"end":{"line":22,"column":34}},"loc":{"start":{"line":22,"column":46},"end":{"line":27,"column":5}},"line":22},"4":{"name":"(anonymous_4)","decl":{"start":{"line":29,"column":28},"end":{"line":29,"column":29}},"loc":{"start":{"line":29,"column":41},"end":{"line":34,"column":5}},"line":29}},"branchMap":{},"s":{"0":1,"1":13,"2":13,"3":7,"4":1,"5":13,"6":7,"7":1,"8":13,"9":8,"10":1,"11":13,"12":8,"13":1,"14":1},"f":{"0":13,"1":7,"2":7,"3":8,"4":8},"b":{},"_coverageSchema":"1a1c01bbd47fc00a2c39e90264f33305004495a9","hash":"4d62ada198d6152d97e859bfa1f26d7a5cb1ad54"}
,"D:\\repository\\math-api\\src\\MathBasic.js": {"path":"D:\\repository\\math-api\\src\\MathBasic.js","statementMap":{"0":{"start":{"line":1,"column":18},"end":{"line":1,"column":40}},"1":{"start":{"line":3,"column":18},"end":{"line":24,"column":1}},"2":{"start":{"line":5,"column":23},"end":{"line":5,"column":46}},"3":{"start":{"line":7,"column":8},"end":{"line":7,"column":21}},"4":{"start":{"line":10,"column":23},"end":{"line":10,"column":46}},"5":{"start":{"line":12,"column":8},"end":{"line":12,"column":21}},"6":{"start":{"line":15,"column":23},"end":{"line":15,"column":46}},"7":{"start":{"line":17,"column":8},"end":{"line":17,"column":21}},"8":{"start":{"line":20,"column":23},"end":{"line":20,"column":46}},"9":{"start":{"line":22,"column":8},"end":{"line":22,"column":21}},"10":{"start":{"line":26,"column":0},"end":{"line":26,"column":27}}},"fnMap":{"0":{"name":"(anonymous_0)","decl":{"start":{"line":4,"column":9},"end":{"line":4,"column":10}},"loc":{"start":{"line":4,"column":22},"end":{"line":8,"column":5}},"line":4},"1":{"name":"(anonymous_1)","decl":{"start":{"line":9,"column":14},"end":{"line":9,"column":15}},"loc":{"start":{"line":9,"column":27},"end":{"line":13,"column":5}},"line":9},"2":{"name":"(anonymous_2)","decl":{"start":{"line":14,"column":14},"end":{"line":14,"column":15}},"loc":{"start":{"line":14,"column":27},"end":{"line":18,"column":5}},"line":14},"3":{"name":"(anonymous_3)","decl":{"start":{"line":19,"column":12},"end":{"line":19,"column":13}},"loc":{"start":{"line":19,"column":25},"end":{"line":23,"column":5}},"line":19}},"branchMap":{},"s":{"0":2,"1":2,"2":13,"3":6,"4":10,"5":3,"6":13,"7":6,"8":11,"9":4,"10":2},"f":{"0":13,"1":10,"2":13,"3":11},"b":{},"_coverageSchema":"1a1c01bbd47fc00a2c39e90264f33305004495a9","hash":"a32f0ac652fe8ceb47938c97b9a497ccb80ab2c5"}
,"D:\\repository\\math-api\\src\\validator.js": {"path":"D:\\repository\\math-api\\src\\validator.js","statementMap":{"0":{"start":{"line":1,"column":18},"end":{"line":15,"column":1}},"1":{"start":{"line":3,"column":4},"end":{"line":5,"column":5}},"2":{"start":{"line":4,"column":6},"end":{"line":4,"column":83}},"3":{"start":{"line":7,"column":4},"end":{"line":11,"column":7}},"4":{"start":{"line":8,"column":6},"end":{"line":10,"column":7}},"5":{"start":{"line":9,"column":8},"end":{"line":9,"column":66}},"6":{"start":{"line":13,"column":4},"end":{"line":13,"column":16}},"7":{"start":{"line":17,"column":0},"end":{"line":17,"column":27}}},"fnMap":{"0":{"name":"(anonymous_0)","decl":{"start":{"line":2,"column":8},"end":{"line":2,"column":9}},"loc":{"start":{"line":2,"column":42},"end":{"line":14,"column":3}},"line":2},"1":{"name":"(anonymous_1)","decl":{"start":{"line":7,"column":17},"end":{"line":7,"column":18}},"loc":{"start":{"line":7,"column":26},"end":{"line":11,"column":5}},"line":7}},"branchMap":{"0":{"loc":{"start":{"line":3,"column":4},"end":{"line":5,"column":5}},"type":"if","locations":[{"start":{"line":3,"column":4},"end":{"line":5,"column":5}},{"start":{},"end":{}}],"line":3},"1":{"loc":{"start":{"line":8,"column":6},"end":{"line":10,"column":7}},"type":"if","locations":[{"start":{"line":8,"column":6},"end":{"line":10,"column":7}},{"start":{},"end":{}}],"line":8}},"s":{"0":2,"1":77,"2":30,"3":47,"4":71,"5":24,"6":23,"7":2},"f":{"0":77,"1":71},"b":{"0":[30,47],"1":[24,47]},"_coverageSchema":"1a1c01bbd47fc00a2c39e90264f33305004495a9","hash":"95ed479537eee1e2aaf45c0ac2c96990084a822c"}
}
