{"D:\\repository\\math-api\\src\\MathBasic.js": {"path":"D:\\repository\\math-api\\src\\MathBasic.js","statementMap":{"0":{"start":{"line":1,"column":18},"end":{"line":50,"column":1}},"1":{"start":{"line":3,"column":8},"end":{"line":5,"column":9}},"2":{"start":{"line":4,"column":12},"end":{"line":4,"column":71}},"3":{"start":{"line":7,"column":23},"end":{"line":7,"column":27}},"4":{"start":{"line":9,"column":8},"end":{"line":11,"column":9}},"5":{"start":{"line":10,"column":12},"end":{"line":10,"column":69}},"6":{"start":{"line":13,"column":8},"end":{"line":13,"column":21}},"7":{"start":{"line":16,"column":8},"end":{"line":18,"column":9}},"8":{"start":{"line":17,"column":12},"end":{"line":17,"column":77}},"9":{"start":{"line":20,"column":23},"end":{"line":20,"column":27}},"10":{"start":{"line":22,"column":8},"end":{"line":24,"column":9}},"11":{"start":{"line":23,"column":12},"end":{"line":23,"column":69}},"12":{"start":{"line":26,"column":8},"end":{"line":26,"column":19}},"13":{"start":{"line":29,"column":8},"end":{"line":31,"column":9}},"14":{"start":{"line":30,"column":12},"end":{"line":30,"column":76}},"15":{"start":{"line":33,"column":23},"end":{"line":33,"column":27}},"16":{"start":{"line":35,"column":8},"end":{"line":37,"column":9}},"17":{"start":{"line":36,"column":12},"end":{"line":36,"column":69}},"18":{"start":{"line":39,"column":8},"end":{"line":39,"column":19}},"19":{"start":{"line":42,"column":8},"end":{"line":42,"column":86}},"20":{"start":{"line":42,"column":31},"end":{"line":42,"column":86}},"21":{"start":{"line":44,"column":23},"end":{"line":44,"column":27}},"22":{"start":{"line":46,"column":8},"end":{"line":46,"column":118}},"23":{"start":{"line":46,"column":60},"end":{"line":46,"column":118}},"24":{"start":{"line":48,"column":8},"end":{"line":48,"column":21}},"25":{"start":{"line":52,"column":0},"end":{"line":52,"column":27}}},"fnMap":{"0":{"name":"(anonymous_0)","decl":{"start":{"line":2,"column":9},"end":{"line":2,"column":10}},"loc":{"start":{"line":2,"column":22},"end":{"line":14,"column":5}},"line":2},"1":{"name":"(anonymous_1)","decl":{"start":{"line":15,"column":14},"end":{"line":15,"column":15}},"loc":{"start":{"line":15,"column":27},"end":{"line":27,"column":5}},"line":15},"2":{"name":"(anonymous_2)","decl":{"start":{"line":28,"column":14},"end":{"line":28,"column":15}},"loc":{"start":{"line":28,"column":27},"end":{"line":40,"column":5}},"line":28},"3":{"name":"(anonymous_3)","decl":{"start":{"line":41,"column":12},"end":{"line":41,"column":13}},"loc":{"start":{"line":41,"column":25},"end":{"line":49,"column":5}},"line":41}},"branchMap":{"0":{"loc":{"start":{"line":3,"column":8},"end":{"line":5,"column":9}},"type":"if","locations":[{"start":{"line":3,"column":8},"end":{"line":5,"column":9}},{"start":{},"end":{}}],"line":3},"1":{"loc":{"start":{"line":9,"column":8},"end":{"line":11,"column":9}},"type":"if","locations":[{"start":{"line":9,"column":8},"end":{"line":11,"column":9}},{"start":{},"end":{}}],"line":9},"2":{"loc":{"start":{"line":9,"column":12},"end":{"line":9,"column":58}},"type":"binary-expr","locations":[{"start":{"line":9,"column":12},"end":{"line":9,"column":33}},{"start":{"line":9,"column":37},"end":{"line":9,"column":58}}],"line":9},"3":{"loc":{"start":{"line":16,"column":8},"end":{"line":18,"column":9}},"type":"if","locations":[{"start":{"line":16,"column":8},"end":{"line":18,"column":9}},{"start":{},"end":{}}],"line":16},"4":{"loc":{"start":{"line":22,"column":8},"end":{"line":24,"column":9}},"type":"if","locations":[{"start":{"line":22,"column":8},"end":{"line":24,"column":9}},{"start":{},"end":{}}],"line":22},"5":{"loc":{"start":{"line":22,"column":12},"end":{"line":22,"column":58}},"type":"binary-expr","locations":[{"start":{"line":22,"column":12},"end":{"line":22,"column":33}},{"start":{"line":22,"column":37},"end":{"line":22,"column":58}}],"line":22},"6":{"loc":{"start":{"line":29,"column":8},"end":{"line":31,"column":9}},"type":"if","locations":[{"start":{"line":29,"column":8},"end":{"line":31,"column":9}},{"start":{},"end":{}}],"line":29},"7":{"loc":{"start":{"line":35,"column":8},"end":{"line":37,"column":9}},"type":"if","locations":[{"start":{"line":35,"column":8},"end":{"line":37,"column":9}},{"start":{},"end":{}}],"line":35},"8":{"loc":{"start":{"line":35,"column":12},"end":{"line":35,"column":58}},"type":"binary-expr","locations":[{"start":{"line":35,"column":12},"end":{"line":35,"column":33}},{"start":{"line":35,"column":37},"end":{"line":35,"column":58}}],"line":35},"9":{"loc":{"start":{"line":42,"column":8},"end":{"line":42,"column":86}},"type":"if","locations":[{"start":{"line":42,"column":8},"end":{"line":42,"column":86}},{"start":{},"end":{}}],"line":42},"10":{"loc":{"start":{"line":46,"column":8},"end":{"line":46,"column":118}},"type":"if","locations":[{"start":{"line":46,"column":8},"end":{"line":46,"column":118}},{"start":{},"end":{}}],"line":46},"11":{"loc":{"start":{"line":46,"column":12},"end":{"line":46,"column":58}},"type":"binary-expr","locations":[{"start":{"line":46,"column":12},"end":{"line":46,"column":33}},{"start":{"line":46,"column":37},"end":{"line":46,"column":58}}],"line":46}},"s":{"0":1,"1":10,"2":4,"3":6,"4":6,"5":3,"6":3,"7":10,"8":4,"9":6,"10":6,"11":3,"12":3,"13":10,"14":4,"15":6,"16":6,"17":3,"18":3,"19":10,"20":4,"21":6,"22":6,"23":3,"24":3,"25":1},"f":{"0":10,"1":10,"2":10,"3":10},"b":{"0":[4,6],"1":[3,3],"2":[6,3],"3":[4,6],"4":[3,3],"5":[6,3],"6":[4,6],"7":[3,3],"8":[6,3],"9":[4,6],"10":[3,3],"11":[6,3]},"_coverageSchema":"1a1c01bbd47fc00a2c39e90264f33305004495a9","hash":"a51f2c9aa919c011b266edd0eb214be67a462619"}
}
