TN:
SF:src\CreateServer.js
FN:3,(anonymous_0)
FN:13,(anonymous_1)
FN:22,(anonymous_2)
FN:31,(anonymous_3)
FN:40,(anonymous_4)
FN:49,(anonymous_5)
FN:58,(anonymous_6)
FN:67,(anonymous_7)
FN:76,(anonymous_8)
FNF:9
FNH:9
FNDA:8,(anonymous_0)
FNDA:1,(anonymous_1)
FNDA:1,(anonymous_2)
FNDA:1,(anonymous_3)
FNDA:1,(anonymous_4)
FNDA:1,(anonymous_5)
FNDA:1,(anonymous_6)
FNDA:1,(anonymous_7)
FNDA:1,(anonymous_8)
DA:1,1
DA:3,1
DA:4,8
DA:9,8
DA:14,1
DA:15,1
DA:16,1
DA:23,1
DA:24,1
DA:25,1
DA:32,1
DA:33,1
DA:34,1
DA:41,1
DA:42,1
DA:43,1
DA:50,1
DA:51,1
DA:52,1
DA:59,1
DA:60,1
DA:61,1
DA:68,1
DA:69,1
DA:70,1
DA:77,1
DA:78,1
DA:79,1
DA:84,8
DA:87,1
LF:30
LH:30
BRF:0
BRH:0
end_of_record
TN:
SF:src\FigureCalculator.js
FN:4,(anonymous_0)
FN:8,(anonymous_1)
FN:15,(anonymous_2)
FN:22,(anonymous_3)
FN:29,(anonymous_4)
FNF:5
FNH:5
FNDA:17,(anonymous_0)
FNDA:8,(anonymous_1)
FNDA:8,(anonymous_2)
FNDA:9,(anonymous_3)
FNDA:9,(anonymous_4)
DA:1,2
DA:5,17
DA:8,17
DA:9,8
DA:12,2
DA:15,17
DA:16,8
DA:19,2
DA:22,17
DA:23,9
DA:26,2
DA:29,17
DA:30,9
DA:33,2
DA:37,2
LF:15
LH:15
BRF:0
BRH:0
end_of_record
TN:
SF:src\MathBasic.js
FN:4,(anonymous_0)
FN:9,(anonymous_1)
FN:14,(anonymous_2)
FN:19,(anonymous_3)
FNF:4
FNH:4
FNDA:17,(anonymous_0)
FNDA:11,(anonymous_1)
FNDA:17,(anonymous_2)
FNDA:13,(anonymous_3)
DA:1,3
DA:3,3
DA:5,17
DA:7,10
DA:10,11
DA:12,4
DA:15,17
DA:17,10
DA:20,13
DA:22,6
DA:26,3
LF:11
LH:11
BRF:0
BRH:0
end_of_record
TN:
SF:src\validator.js
FN:2,(anonymous_0)
FN:7,(anonymous_1)
FNF:2
FNH:2
FNDA:92,(anonymous_0)
FNDA:102,(anonymous_1)
DA:1,3
DA:3,92
DA:4,30
DA:7,62
DA:8,102
DA:9,24
DA:13,38
DA:17,3
LF:8
LH:8
BRDA:3,0,0,30
BRDA:3,0,1,62
BRDA:8,1,0,24
BRDA:8,1,1,78
BRF:4
BRH:4
end_of_record
