TN:
SF:src\FigureCalculator.js
FN:4,(anonymous_0)
FN:8,(anonymous_1)
FN:15,(anonymous_2)
FN:22,(anonymous_3)
FN:29,(anonymous_4)
FNF:5
FNH:5
FNDA:13,(anonymous_0)
FNDA:7,(anonymous_1)
FNDA:7,(anonymous_2)
FNDA:8,(anonymous_3)
FNDA:8,(anonymous_4)
DA:1,1
DA:5,13
DA:8,13
DA:9,7
DA:12,1
DA:15,13
DA:16,7
DA:19,1
DA:22,13
DA:23,8
DA:26,1
DA:29,13
DA:30,8
DA:33,1
DA:37,1
LF:15
LH:15
BRF:0
BRH:0
end_of_record
TN:
SF:src\MathBasic.js
FN:4,(anonymous_0)
FN:9,(anonymous_1)
FN:14,(anonymous_2)
FN:19,(anonymous_3)
FNF:4
FNH:4
FNDA:13,(anonymous_0)
FNDA:10,(anonymous_1)
FNDA:13,(anonymous_2)
FNDA:11,(anonymous_3)
DA:1,2
DA:3,2
DA:5,13
DA:7,6
DA:10,10
DA:12,3
DA:15,13
DA:17,6
DA:20,11
DA:22,4
DA:26,2
LF:11
LH:11
BRF:0
BRH:0
end_of_record
TN:
SF:src\validator.js
FN:2,(anonymous_0)
FN:7,(anonymous_1)
FNF:2
FNH:2
FNDA:77,(anonymous_0)
FNDA:71,(anonymous_1)
DA:1,2
DA:3,77
DA:4,30
DA:7,47
DA:8,71
DA:9,24
DA:13,23
DA:17,2
LF:8
LH:8
BRDA:3,0,0,30
BRDA:3,0,1,47
BRDA:8,1,0,24
BRDA:8,1,1,47
BRF:4
BRH:4
end_of_record
